0 verbose cli C:\Program Files\nodejs\node.exe C:\Users\KIIT\AppData\Roaming\npm\node_modules\npm\bin\npm-cli.js
1 info using npm@11.1.0
2 info using node@v22.13.1
3 silly config load:file:C:\Users\KIIT\AppData\Roaming\npm\node_modules\npm\npmrc
4 silly config load:file:C:\Users\KIIT\artwork-store\.npmrc
5 silly config load:file:C:\Users\KIIT\.npmrc
6 silly config load:file:C:\Users\KIIT\AppData\Roaming\npm\etc\npmrc
7 verbose title npm exec supabase status
8 verbose argv "exec" "--" "supabase" "status"
9 verbose logfile logs-max:10 dir:C:\Users\KIIT\artwork-store\${HOME}\.npm-cache\_logs\2025-10-25T22_07_06_284Z-
10 verbose logfile C:\Users\KIIT\artwork-store\${HOME}\.npm-cache\_logs\2025-10-25T22_07_06_284Z-debug-0.log
11 silly logfile start cleaning logs, removing 1 files
12 silly logfile done cleaning log files
13 silly packumentCache heap:4345298944 maxSize:1086324736 maxEntrySize:543162368
14 http fetch GET 200 https://registry.npmjs.org/supabase 281ms (cache miss)
15 silly packumentCache heap:4345298944 maxSize:1086324736 maxEntrySize:543162368
16 silly packumentCache heap:4345298944 maxSize:1086324736 maxEntrySize:543162368
17 silly idealTree buildDeps
18 silly fetch manifest supabase@2.53.6
19 silly packumentCache full:https://registry.npmjs.org/supabase cache-miss
20 http fetch GET 200 https://registry.npmjs.org/supabase 171ms (cache miss)
21 silly packumentCache full:https://registry.npmjs.org/supabase set size:undefined disposed:false
22 silly placeDep ROOT supabase@2.53.6 OK for:  want: 2.53.6
23 silly fetch manifest tar@7.5.1
24 silly packumentCache full:https://registry.npmjs.org/tar cache-miss
25 silly fetch manifest bin-links@^5.0.0
26 silly packumentCache full:https://registry.npmjs.org/bin-links cache-miss
27 silly fetch manifest node-fetch@^3.3.2
28 silly packumentCache full:https://registry.npmjs.org/node-fetch cache-miss
29 silly fetch manifest https-proxy-agent@^7.0.2
30 silly packumentCache full:https://registry.npmjs.org/https-proxy-agent cache-miss
31 http fetch GET 200 https://registry.npmjs.org/tar 74ms (cache miss)
32 silly packumentCache full:https://registry.npmjs.org/tar set size:undefined disposed:false
33 http fetch GET 200 https://registry.npmjs.org/node-fetch 86ms (cache miss)
34 silly packumentCache full:https://registry.npmjs.org/node-fetch set size:undefined disposed:false
35 http fetch GET 200 https://registry.npmjs.org/bin-links 100ms (cache miss)
36 silly packumentCache full:https://registry.npmjs.org/bin-links set size:undefined disposed:false
37 http fetch GET 200 https://registry.npmjs.org/https-proxy-agent 103ms (cache miss)
38 silly packumentCache full:https://registry.npmjs.org/https-proxy-agent set size:undefined disposed:false
39 silly placeDep ROOT bin-links@5.0.0 OK for: supabase@2.53.6 want: ^5.0.0
40 silly placeDep ROOT https-proxy-agent@7.0.6 OK for: supabase@2.53.6 want: ^7.0.2
41 silly placeDep ROOT node-fetch@3.3.2 OK for: supabase@2.53.6 want: ^3.3.2
42 silly placeDep ROOT tar@7.5.1 OK for: supabase@2.53.6 want: 7.5.1
43 silly fetch manifest cmd-shim@^7.0.0
44 silly packumentCache full:https://registry.npmjs.org/cmd-shim cache-miss
45 silly fetch manifest proc-log@^5.0.0
46 silly packumentCache full:https://registry.npmjs.org/proc-log cache-miss
47 silly fetch manifest read-cmd-shim@^5.0.0
48 silly packumentCache full:https://registry.npmjs.org/read-cmd-shim cache-miss
49 silly fetch manifest write-file-atomic@^6.0.0
50 silly packumentCache full:https://registry.npmjs.org/write-file-atomic cache-miss
51 silly fetch manifest npm-normalize-package-bin@^4.0.0
52 silly packumentCache full:https://registry.npmjs.org/npm-normalize-package-bin cache-miss
53 silly fetch manifest debug@4
54 silly packumentCache full:https://registry.npmjs.org/debug cache-miss
55 silly fetch manifest agent-base@^7.1.2
56 silly packumentCache full:https://registry.npmjs.org/agent-base cache-miss
57 http fetch GET 200 https://registry.npmjs.org/write-file-atomic 40ms (cache miss)
58 silly packumentCache full:https://registry.npmjs.org/write-file-atomic set size:undefined disposed:false
59 silly fetch manifest data-uri-to-buffer@^4.0.0
60 silly packumentCache full:https://registry.npmjs.org/data-uri-to-buffer cache-miss
61 http fetch GET 200 https://registry.npmjs.org/read-cmd-shim 65ms (cache miss)
62 silly packumentCache full:https://registry.npmjs.org/read-cmd-shim set size:undefined disposed:false
63 silly fetch manifest fetch-blob@^3.1.4
64 silly packumentCache full:https://registry.npmjs.org/fetch-blob cache-miss
65 http fetch GET 200 https://registry.npmjs.org/proc-log 69ms (cache miss)
66 silly packumentCache full:https://registry.npmjs.org/proc-log set size:undefined disposed:false
67 silly fetch manifest formdata-polyfill@^4.0.10
68 silly packumentCache full:https://registry.npmjs.org/formdata-polyfill cache-miss
69 http fetch GET 200 https://registry.npmjs.org/agent-base 85ms (cache miss)
70 silly packumentCache full:https://registry.npmjs.org/agent-base set size:undefined disposed:false
71 silly fetch manifest @isaacs/fs-minipass@^4.0.0
72 silly packumentCache full:https://registry.npmjs.org/@isaacs%2ffs-minipass cache-miss
73 http fetch GET 200 https://registry.npmjs.org/data-uri-to-buffer 59ms (cache miss)
74 silly packumentCache full:https://registry.npmjs.org/data-uri-to-buffer set size:undefined disposed:false
75 silly fetch manifest chownr@^3.0.0
76 silly packumentCache full:https://registry.npmjs.org/chownr cache-miss
77 http fetch GET 200 https://registry.npmjs.org/fetch-blob 62ms (cache miss)
78 silly packumentCache full:https://registry.npmjs.org/fetch-blob set size:undefined disposed:false
79 silly fetch manifest minipass@^7.1.2
80 silly packumentCache full:https://registry.npmjs.org/minipass cache-miss
81 http fetch GET 200 https://registry.npmjs.org/formdata-polyfill 61ms (cache miss)
82 silly packumentCache full:https://registry.npmjs.org/formdata-polyfill set size:undefined disposed:false
83 silly fetch manifest minizlib@^3.1.0
84 silly packumentCache full:https://registry.npmjs.org/minizlib cache-miss
85 http fetch GET 200 https://registry.npmjs.org/chownr 65ms (cache miss)
86 silly packumentCache full:https://registry.npmjs.org/chownr set size:undefined disposed:false
87 silly fetch manifest yallist@^5.0.0
88 silly packumentCache full:https://registry.npmjs.org/yallist cache-miss
89 http fetch GET 200 https://registry.npmjs.org/minipass 43ms (cache miss)
90 silly packumentCache full:https://registry.npmjs.org/minipass set size:undefined disposed:false
91 http fetch GET 200 https://registry.npmjs.org/yallist 25ms (cache miss)
92 silly packumentCache full:https://registry.npmjs.org/yallist set size:undefined disposed:false
93 http fetch GET 200 https://registry.npmjs.org/minizlib 822ms (cache miss)
94 silly packumentCache full:https://registry.npmjs.org/minizlib set size:undefined disposed:false
95 http fetch GET 200 https://registry.npmjs.org/@isaacs%2ffs-minipass 1063ms (cache miss)
96 silly packumentCache full:https://registry.npmjs.org/@isaacs%2ffs-minipass set size:undefined disposed:false
97 http fetch GET 200 https://registry.npmjs.org/cmd-shim 1153ms (cache miss)
98 silly packumentCache full:https://registry.npmjs.org/cmd-shim set size:undefined disposed:false
99 http fetch GET 200 https://registry.npmjs.org/npm-normalize-package-bin 1153ms (cache miss)
100 silly packumentCache full:https://registry.npmjs.org/npm-normalize-package-bin set size:undefined disposed:false
101 http fetch GET 200 https://registry.npmjs.org/debug 1154ms (cache miss)
102 silly packumentCache full:https://registry.npmjs.org/debug set size:undefined disposed:false
103 silly placeDep ROOT cmd-shim@7.0.0 OK for: bin-links@5.0.0 want: ^7.0.0
104 silly placeDep ROOT npm-normalize-package-bin@4.0.0 OK for: bin-links@5.0.0 want: ^4.0.0
105 silly placeDep ROOT proc-log@5.0.0 OK for: bin-links@5.0.0 want: ^5.0.0
106 silly placeDep ROOT read-cmd-shim@5.0.0 OK for: bin-links@5.0.0 want: ^5.0.0
107 silly placeDep ROOT write-file-atomic@6.0.0 OK for: bin-links@5.0.0 want: ^6.0.0
108 silly fetch manifest imurmurhash@^0.1.4
109 silly packumentCache full:https://registry.npmjs.org/imurmurhash cache-miss
110 silly fetch manifest signal-exit@^4.0.1
111 silly packumentCache full:https://registry.npmjs.org/signal-exit cache-miss
112 http fetch GET 200 https://registry.npmjs.org/imurmurhash 73ms (cache miss)
113 silly packumentCache full:https://registry.npmjs.org/imurmurhash set size:undefined disposed:false
114 http fetch GET 200 https://registry.npmjs.org/signal-exit 154ms (cache miss)
115 silly packumentCache full:https://registry.npmjs.org/signal-exit set size:undefined disposed:false
116 silly placeDep ROOT agent-base@7.1.4 OK for: https-proxy-agent@7.0.6 want: ^7.1.2
117 silly placeDep ROOT debug@4.4.3 OK for: https-proxy-agent@7.0.6 want: 4
118 silly fetch manifest ms@^2.1.3
119 silly packumentCache full:https://registry.npmjs.org/ms cache-miss
120 http fetch GET 200 https://registry.npmjs.org/ms 238ms (cache miss)
121 silly packumentCache full:https://registry.npmjs.org/ms set size:undefined disposed:false
122 silly placeDep ROOT ms@2.1.3 OK for: debug@4.4.3 want: ^2.1.3
123 silly placeDep ROOT data-uri-to-buffer@4.0.1 OK for: node-fetch@3.3.2 want: ^4.0.0
124 silly placeDep ROOT fetch-blob@3.2.0 OK for: node-fetch@3.3.2 want: ^3.1.4
125 silly placeDep ROOT formdata-polyfill@4.0.10 OK for: node-fetch@3.3.2 want: ^4.0.10
126 silly fetch manifest node-domexception@^1.0.0
127 silly packumentCache full:https://registry.npmjs.org/node-domexception cache-miss
128 silly fetch manifest web-streams-polyfill@^3.0.3
129 silly packumentCache full:https://registry.npmjs.org/web-streams-polyfill cache-miss
130 http fetch GET 200 https://registry.npmjs.org/node-domexception 243ms (cache miss)
131 silly packumentCache full:https://registry.npmjs.org/node-domexception set size:undefined disposed:false
132 http fetch GET 200 https://registry.npmjs.org/web-streams-polyfill 244ms (cache miss)
133 silly packumentCache full:https://registry.npmjs.org/web-streams-polyfill set size:undefined disposed:false
134 silly placeDep ROOT node-domexception@1.0.0 OK for: fetch-blob@3.2.0 want: ^1.0.0
135 silly placeDep ROOT web-streams-polyfill@3.3.3 OK for: fetch-blob@3.2.0 want: ^3.0.3
136 silly placeDep ROOT @isaacs/fs-minipass@4.0.1 OK for: tar@7.5.1 want: ^4.0.0
137 silly placeDep ROOT chownr@3.0.0 OK for: tar@7.5.1 want: ^3.0.0
138 silly placeDep ROOT minipass@7.1.2 OK for: tar@7.5.1 want: ^7.1.2
139 silly placeDep ROOT minizlib@3.1.0 OK for: tar@7.5.1 want: ^3.1.0
140 silly placeDep ROOT yallist@5.0.0 OK for: tar@7.5.1 want: ^5.0.0
141 silly fetch manifest minipass@^7.0.4
142 silly packumentCache full:https://registry.npmjs.org/minipass cache-miss
143 http cache https://registry.npmjs.org/minipass 77ms (cache hit)
144 silly packumentCache full:https://registry.npmjs.org/minipass set size:490195 disposed:false
145 silly placeDep ROOT imurmurhash@0.1.4 OK for: write-file-atomic@6.0.0 want: ^0.1.4
146 silly placeDep ROOT signal-exit@4.1.0 OK for: write-file-atomic@6.0.0 want: ^4.0.1
147 silly reify moves {}
148 silly audit bulk request {
148 silly audit   supabase: [ '2.53.6' ],
148 silly audit   'bin-links': [ '5.0.0' ],
148 silly audit   'https-proxy-agent': [ '7.0.6' ],
148 silly audit   'node-fetch': [ '3.3.2' ],
148 silly audit   tar: [ '7.5.1' ],
148 silly audit   'cmd-shim': [ '7.0.0' ],
148 silly audit   'npm-normalize-package-bin': [ '4.0.0' ],
148 silly audit   'proc-log': [ '5.0.0' ],
148 silly audit   'read-cmd-shim': [ '5.0.0' ],
148 silly audit   'write-file-atomic': [ '6.0.0' ],
148 silly audit   'agent-base': [ '7.1.4' ],
148 silly audit   debug: [ '4.4.3' ],
148 silly audit   ms: [ '2.1.3' ],
148 silly audit   'data-uri-to-buffer': [ '4.0.1' ],
148 silly audit   'fetch-blob': [ '3.2.0' ],
148 silly audit   'formdata-polyfill': [ '4.0.10' ],
148 silly audit   'node-domexception': [ '1.0.0' ],
148 silly audit   'web-streams-polyfill': [ '3.3.3' ],
148 silly audit   '@isaacs/fs-minipass': [ '4.0.1' ],
148 silly audit   chownr: [ '3.0.0' ],
148 silly audit   minipass: [ '7.1.2' ],
148 silly audit   minizlib: [ '3.1.0' ],
148 silly audit   yallist: [ '5.0.0' ],
148 silly audit   imurmurhash: [ '0.1.4' ],
148 silly audit   'signal-exit': [ '4.1.0' ]
148 silly audit }
149 http cache signal-exit@https://registry.npmjs.org/signal-exit/-/signal-exit-4.1.0.tgz 0ms (cache hit)
150 http cache minizlib@https://registry.npmjs.org/minizlib/-/minizlib-3.1.0.tgz 0ms (cache hit)
151 http cache yallist@https://registry.npmjs.org/yallist/-/yallist-5.0.0.tgz 0ms (cache hit)
152 http cache minipass@https://registry.npmjs.org/minipass/-/minipass-7.1.2.tgz 0ms (cache hit)
153 http cache @isaacs/fs-minipass@https://registry.npmjs.org/@isaacs/fs-minipass/-/fs-minipass-4.0.1.tgz 0ms (cache hit)
154 http cache chownr@https://registry.npmjs.org/chownr/-/chownr-3.0.0.tgz 0ms (cache hit)
155 http cache imurmurhash@https://registry.npmjs.org/imurmurhash/-/imurmurhash-0.1.4.tgz 0ms (cache hit)
156 http cache web-streams-polyfill@https://registry.npmjs.org/web-streams-polyfill/-/web-streams-polyfill-3.3.3.tgz 0ms (cache hit)
157 http cache node-domexception@https://registry.npmjs.org/node-domexception/-/node-domexception-1.0.0.tgz 0ms (cache hit)
158 http cache formdata-polyfill@https://registry.npmjs.org/formdata-polyfill/-/formdata-polyfill-4.0.10.tgz 0ms (cache hit)
159 http cache fetch-blob@https://registry.npmjs.org/fetch-blob/-/fetch-blob-3.2.0.tgz 0ms (cache hit)
160 http cache data-uri-to-buffer@https://registry.npmjs.org/data-uri-to-buffer/-/data-uri-to-buffer-4.0.1.tgz 0ms (cache hit)
161 http cache ms@https://registry.npmjs.org/ms/-/ms-2.1.3.tgz 0ms (cache hit)
162 http cache debug@https://registry.npmjs.org/debug/-/debug-4.4.3.tgz 0ms (cache hit)
163 http cache agent-base@https://registry.npmjs.org/agent-base/-/agent-base-7.1.4.tgz 0ms (cache hit)
164 http cache read-cmd-shim@https://registry.npmjs.org/read-cmd-shim/-/read-cmd-shim-5.0.0.tgz 0ms (cache hit)
165 http cache write-file-atomic@https://registry.npmjs.org/write-file-atomic/-/write-file-atomic-6.0.0.tgz 0ms (cache hit)
166 http cache npm-normalize-package-bin@https://registry.npmjs.org/npm-normalize-package-bin/-/npm-normalize-package-bin-4.0.0.tgz 0ms (cache hit)
167 http cache tar@https://registry.npmjs.org/tar/-/tar-7.5.1.tgz 0ms (cache hit)
168 http cache cmd-shim@https://registry.npmjs.org/cmd-shim/-/cmd-shim-7.0.0.tgz 0ms (cache hit)
169 http cache proc-log@https://registry.npmjs.org/proc-log/-/proc-log-5.0.0.tgz 0ms (cache hit)
170 http cache node-fetch@https://registry.npmjs.org/node-fetch/-/node-fetch-3.3.2.tgz 0ms (cache hit)
171 http cache https-proxy-agent@https://registry.npmjs.org/https-proxy-agent/-/https-proxy-agent-7.0.6.tgz 0ms (cache hit)
172 silly tarball no local data for signal-exit@https://registry.npmjs.org/signal-exit/-/signal-exit-4.1.0.tgz. Extracting by manifest.
173 silly tarball no local data for minizlib@https://registry.npmjs.org/minizlib/-/minizlib-3.1.0.tgz. Extracting by manifest.
174 silly tarball no local data for yallist@https://registry.npmjs.org/yallist/-/yallist-5.0.0.tgz. Extracting by manifest.
175 silly tarball no local data for minipass@https://registry.npmjs.org/minipass/-/minipass-7.1.2.tgz. Extracting by manifest.
176 silly tarball no local data for @isaacs/fs-minipass@https://registry.npmjs.org/@isaacs/fs-minipass/-/fs-minipass-4.0.1.tgz. Extracting by manifest.
177 silly tarball no local data for chownr@https://registry.npmjs.org/chownr/-/chownr-3.0.0.tgz. Extracting by manifest.
178 silly tarball no local data for imurmurhash@https://registry.npmjs.org/imurmurhash/-/imurmurhash-0.1.4.tgz. Extracting by manifest.
179 silly tarball no local data for web-streams-polyfill@https://registry.npmjs.org/web-streams-polyfill/-/web-streams-polyfill-3.3.3.tgz. Extracting by manifest.
180 silly tarball no local data for node-domexception@https://registry.npmjs.org/node-domexception/-/node-domexception-1.0.0.tgz. Extracting by manifest.
181 http cache bin-links@https://registry.npmjs.org/bin-links/-/bin-links-5.0.0.tgz 0ms (cache hit)
182 silly tarball no local data for formdata-polyfill@https://registry.npmjs.org/formdata-polyfill/-/formdata-polyfill-4.0.10.tgz. Extracting by manifest.
183 http cache supabase@https://registry.npmjs.org/supabase/-/supabase-2.53.6.tgz 0ms (cache hit)
184 silly tarball no local data for fetch-blob@https://registry.npmjs.org/fetch-blob/-/fetch-blob-3.2.0.tgz. Extracting by manifest.
185 silly tarball no local data for data-uri-to-buffer@https://registry.npmjs.org/data-uri-to-buffer/-/data-uri-to-buffer-4.0.1.tgz. Extracting by manifest.
186 silly tarball no local data for ms@https://registry.npmjs.org/ms/-/ms-2.1.3.tgz. Extracting by manifest.
187 silly tarball no local data for debug@https://registry.npmjs.org/debug/-/debug-4.4.3.tgz. Extracting by manifest.
188 silly tarball no local data for agent-base@https://registry.npmjs.org/agent-base/-/agent-base-7.1.4.tgz. Extracting by manifest.
189 silly tarball no local data for read-cmd-shim@https://registry.npmjs.org/read-cmd-shim/-/read-cmd-shim-5.0.0.tgz. Extracting by manifest.
190 silly tarball no local data for write-file-atomic@https://registry.npmjs.org/write-file-atomic/-/write-file-atomic-6.0.0.tgz. Extracting by manifest.
191 silly tarball no local data for npm-normalize-package-bin@https://registry.npmjs.org/npm-normalize-package-bin/-/npm-normalize-package-bin-4.0.0.tgz. Extracting by manifest.
192 silly tarball no local data for tar@https://registry.npmjs.org/tar/-/tar-7.5.1.tgz. Extracting by manifest.
193 silly tarball no local data for cmd-shim@https://registry.npmjs.org/cmd-shim/-/cmd-shim-7.0.0.tgz. Extracting by manifest.
194 silly tarball no local data for proc-log@https://registry.npmjs.org/proc-log/-/proc-log-5.0.0.tgz. Extracting by manifest.
195 silly tarball no local data for node-fetch@https://registry.npmjs.org/node-fetch/-/node-fetch-3.3.2.tgz. Extracting by manifest.
196 silly tarball no local data for https-proxy-agent@https://registry.npmjs.org/https-proxy-agent/-/https-proxy-agent-7.0.6.tgz. Extracting by manifest.
197 silly tarball no local data for bin-links@https://registry.npmjs.org/bin-links/-/bin-links-5.0.0.tgz. Extracting by manifest.
198 silly tarball no local data for supabase@https://registry.npmjs.org/supabase/-/supabase-2.53.6.tgz. Extracting by manifest.
199 http fetch POST 200 https://registry.npmjs.org/-/npm/v1/security/advisories/bulk 662ms
200 silly audit report {}
201 http fetch GET 200 https://registry.npmjs.org/npm-normalize-package-bin/-/npm-normalize-package-bin-4.0.0.tgz 2139ms (cache miss)
202 http fetch GET 200 https://registry.npmjs.org/agent-base/-/agent-base-7.1.4.tgz 2272ms (cache miss)
203 http fetch GET 200 https://registry.npmjs.org/read-cmd-shim/-/read-cmd-shim-5.0.0.tgz 2588ms (cache miss)
204 http fetch GET 200 https://registry.npmjs.org/cmd-shim/-/cmd-shim-7.0.0.tgz 2649ms (cache miss)
205 http fetch GET 200 https://registry.npmjs.org/ms/-/ms-2.1.3.tgz 3157ms (cache miss)
206 http fetch GET 200 https://registry.npmjs.org/proc-log/-/proc-log-5.0.0.tgz 3154ms (cache miss)
207 http fetch GET 200 https://registry.npmjs.org/write-file-atomic/-/write-file-atomic-6.0.0.tgz 3158ms (cache miss)
208 http fetch GET 200 https://registry.npmjs.org/supabase/-/supabase-2.53.6.tgz 3152ms (cache miss)
209 http fetch GET 200 https://registry.npmjs.org/imurmurhash/-/imurmurhash-0.1.4.tgz 3166ms (cache miss)
210 http fetch GET 200 https://registry.npmjs.org/data-uri-to-buffer/-/data-uri-to-buffer-4.0.1.tgz 3329ms (cache miss)
211 http fetch GET 200 https://registry.npmjs.org/fetch-blob/-/fetch-blob-3.2.0.tgz 4102ms (cache miss)
212 http fetch GET 200 https://registry.npmjs.org/formdata-polyfill/-/formdata-polyfill-4.0.10.tgz 4364ms (cache miss)
213 http fetch GET 200 https://registry.npmjs.org/debug/-/debug-4.4.3.tgz 4513ms (cache miss)
214 http fetch GET 200 https://registry.npmjs.org/chownr/-/chownr-3.0.0.tgz 4552ms (cache miss)
215 http fetch GET 200 https://registry.npmjs.org/https-proxy-agent/-/https-proxy-agent-7.0.6.tgz 4774ms (cache miss)
216 http fetch GET 200 https://registry.npmjs.org/yallist/-/yallist-5.0.0.tgz 4782ms (cache miss)
217 http fetch GET 200 https://registry.npmjs.org/@isaacs/fs-minipass/-/fs-minipass-4.0.1.tgz 4859ms (cache miss)
218 http fetch GET 200 https://registry.npmjs.org/bin-links/-/bin-links-5.0.0.tgz 5153ms (cache miss)
219 http fetch GET 200 https://registry.npmjs.org/minipass/-/minipass-7.1.2.tgz 5476ms (cache miss)
220 http fetch GET 200 https://registry.npmjs.org/node-fetch/-/node-fetch-3.3.2.tgz 5470ms (cache miss)
221 http fetch GET 200 https://registry.npmjs.org/minizlib/-/minizlib-3.1.0.tgz 5556ms (cache miss)
222 http fetch GET 200 https://registry.npmjs.org/signal-exit/-/signal-exit-4.1.0.tgz 5781ms (cache miss)
223 http fetch GET 200 https://registry.npmjs.org/node-domexception/-/node-domexception-1.0.0.tgz 6089ms (cache miss)
224 warn deprecated node-domexception@1.0.0: Use your platform's native DOMException instead
225 http fetch GET 200 https://registry.npmjs.org/tar/-/tar-7.5.1.tgz 12424ms (cache miss)
226 http fetch GET 200 https://registry.npmjs.org/web-streams-polyfill/-/web-streams-polyfill-3.3.3.tgz 12560ms (cache miss)
227 info run supabase@2.53.6 postinstall node_modules/supabase node scripts/postinstall.js
228 info run supabase@2.53.6 postinstall { code: 0, signal: null }
229 verbose cwd C:\Users\KIIT\artwork-store
230 verbose os Windows_NT 10.0.26120
231 verbose node v22.13.1
232 verbose npm  v11.1.0
233 verbose exit 1
234 verbose code 1
