0 verbose cli C:\Program Files\nodejs\node.exe C:\Users\KIIT\AppData\Roaming\npm\node_modules\npm\bin\npm-cli.js
1 info using npm@11.1.0
2 info using node@v22.13.1
3 silly config load:file:C:\Users\KIIT\AppData\Roaming\npm\node_modules\npm\npmrc
4 silly config load:file:c:\Users\KIIT\artwork-store\.npmrc
5 silly config load:file:C:\Users\KIIT\.npmrc
6 silly config load:file:C:\Users\KIIT\AppData\Roaming\npm\etc\npmrc
7 verbose title npm view cross-env description dist-tags.latest homepage version time
8 verbose argv "view" "--json" "--" "cross-env" "description" "dist-tags.latest" "homepage" "version" "time"
9 verbose logfile logs-max:10 dir:c:\Users\KIIT\artwork-store\${HOME}\.npm-cache\_logs\2025-09-22T16_26_56_843Z-
10 verbose logfile c:\Users\KIIT\artwork-store\${HOME}\.npm-cache\_logs\2025-09-22T16_26_56_843Z-debug-0.log
11 silly logfile start cleaning logs, removing 1 files
12 silly logfile done cleaning log files
13 http fetch GET 200 https://registry.npmjs.org/cross-env 323ms (cache revalidated)
14 verbose cwd c:\Users\KIIT\artwork-store
15 verbose os Windows_NT 10.0.26120
16 verbose node v22.13.1
17 verbose npm  v11.1.0
18 verbose exit 0
19 info ok
