0 verbose cli C:\Program Files\nodejs\node.exe C:\Users\KIIT\AppData\Roaming\npm\node_modules\npm\bin\npm-cli.js
1 info using npm@11.1.0
2 info using node@v22.13.1
3 silly config load:file:C:\Users\KIIT\AppData\Roaming\npm\node_modules\npm\npmrc
4 silly config load:file:C:\Users\KIIT\artwork-store\.npmrc
5 silly config load:file:C:\Users\KIIT\.npmrc
6 silly config load:file:C:\Users\KIIT\AppData\Roaming\npm\etc\npmrc
7 verbose title npm cache clean
8 verbose argv "cache" "clean" "--force"
9 verbose logfile logs-max:10 dir:C:\Users\KIIT\artwork-store\${HOME}\.npm-cache\_logs\2025-11-16T05_05_33_802Z-
10 verbose logfile C:\Users\KIIT\artwork-store\${HOME}\.npm-cache\_logs\2025-11-16T05_05_33_802Z-debug-0.log
11 warn using --force Recommended protections disabled.
12 silly logfile start cleaning logs, removing 1 files
13 silly logfile done cleaning log files
14 verbose cwd C:\Users\KIIT\artwork-store
15 verbose os Windows_NT 10.0.26120
16 verbose node v22.13.1
17 verbose npm  v11.1.0
18 verbose exit 0
19 info ok
